#
# A fatal error has been detected by the Java Runtime Environment:
#
# java.lang.OutOfMemoryError: Cannot create GC thread. Out of system resources.
#
#  Internal Error (gcTaskThread.cpp:38), pid=14579, tid=140090296100608
#  Error: Cannot create GC thread. Out of system resources.
#
# JRE version: 6.0_17-b04
# Java VM: Java HotSpot(TM) 64-Bit Server VM (14.3-b01 mixed mode linux-amd64 )
# If you would like to submit a bug report, please visit:
#   http://java.sun.com/webapps/bugreport/crash.jsp
#

---------------  T H R E A D  ---------------

Current thread (0x0000000040fde800):  JavaThread "Unknown thread" [_thread_in_vm, id=14580, stack(0x00007f695045e000,0x00007f695055f000)]

Stack: [0x00007f695045e000,0x00007f695055f000],  sp=0x00007f695055d7a0,  free space=1021k
Native frames: (J=compiled Java code, j=interpreted, Vv=VM code, C=native code)
V  [libjvm.so+0x6bd1ef]
V  [libjvm.so+0x2be6c8]
V  [libjvm.so+0x33a2fd]
V  [libjvm.so+0x338e3e]
V  [libjvm.so+0x338bd3]
V  [libjvm.so+0x5a87c7]
V  [libjvm.so+0x697695]
V  [libjvm.so+0x69732a]
V  [libjvm.so+0x377cd0]
V  [libjvm.so+0x67f5af]
V  [libjvm.so+0x3def30]


---------------  P R O C E S S  ---------------

Java Threads: ( => current thread )

Other Threads:

=>0x0000000040fde800 (exited) JavaThread "Unknown thread" [_thread_in_vm, id=14580, stack(0x00007f695045e000,0x00007f695055f000)]

VM state:not at safepoint (not fully initialized)

VM Mutex/Monitor currently owned by a thread: None

Dynamic libraries:
40000000-40009000 r-xp 00000000 00:1b 416466                             /nfs/linux/matlab-2011b/sys/java/jre/glnxa64/jre/bin/java
40108000-4010a000 rwxp 00008000 00:1b 416466                             /nfs/linux/matlab-2011b/sys/java/jre/glnxa64/jre/bin/java
40fd6000-40ff7000 rwxp 00000000 00:00 0                                  [heap]
7f64d48d4000-7f64d48d5000 ---p 00000000 00:00 0 
7f64d48d5000-7f64d49d5000 rwxp 00000000 00:00 0 
7f64d49d5000-7f64d49d6000 ---p 00000000 00:00 0 
7f64d49d6000-7f64d4ad6000 rwxp 00000000 00:00 0 
7f64d4ad6000-7f64d4ad7000 ---p 00000000 00:00 0 
7f64d4ad7000-7f64d4d52000 rwxp 00000000 00:00 0 
7f64d4d52000-7f64d637d000 rwxp 00000000 00:00 0 
7f64d637d000-7f64d6388000 rwxp 00000000 00:00 0 
7f64d6388000-7f64d63a7000 rwxp 00000000 00:00 0 
7f64d63a7000-7f64d6522000 rwxp 00000000 00:00 0 
7f64d6522000-7f64d7b4c000 rwxp 00000000 00:00 0 
7f64d7b4c000-7f64d7c0a000 rwxp 00000000 00:00 0 
7f64d7c0a000-7f64d871f000 rwxp 00000000 00:00 0 
7f64d871f000-7f64d9be0000 rwxp 00000000 00:00 0 
7f64d9be0000-7f64ddb20000 rwxp 00000000 00:00 0 
7f64ddb20000-7f650cfc0000 rwxp 00000000 00:00 0 
7f650cfc0000-7f67d25d0000 rwxp 00000000 00:00 0 
7f67d25d0000-7f67ea020000 rwxp 00000000 00:00 0 
7f67ea020000-7f694cb20000 rwxp 00000000 00:00 0 
7f694cb21000-7f694cb2b000 rwxp 00000000 00:00 0 
7f694cb2b000-7f694cbe1000 rwxp 00000000 00:00 0 
7f694cbe1000-7f694ce51000 rwxp 00000000 00:00 0 
7f694ce51000-7f694fbe1000 rwxp 00000000 00:00 0 
7f694fbe1000-7f694fbef000 r-xp 00000000 00:1b 697321                     /nfs/linux/matlab-2011b/sys/java/jre/glnxa64/jre/lib/amd64/libzip.so
7f694fbef000-7f694fcf1000 ---p 0000e000 00:1b 697321                     /nfs/linux/matlab-2011b/sys/java/jre/glnxa64/jre/lib/amd64/libzip.so
7f694fcf1000-7f694fcf4000 rwxp 00010000 00:1b 697321                     /nfs/linux/matlab-2011b/sys/java/jre/glnxa64/jre/lib/amd64/libzip.so
7f694fcf4000-7f694fcf5000 rwxp 00000000 00:00 0 
7f694fcf5000-7f694fcfc000 r-xp 00000000 00:1b 1341233                    /nfs/linux/matlab-2011b/sys/java/jre/glnxa64/jre/lib/amd64/native_threads/libhpi.so
7f694fcfc000-7f694fdfd000 ---p 00007000 00:1b 1341233                    /nfs/linux/matlab-2011b/sys/java/jre/glnxa64/jre/lib/amd64/native_threads/libhpi.so
7f694fdfd000-7f694fdff000 rwxp 00008000 00:1b 1341233                    /nfs/linux/matlab-2011b/sys/java/jre/glnxa64/jre/lib/amd64/native_threads/libhpi.so
7f694fdff000-7f694fe00000 rwxp 00000000 00:00 0 
7f694fe00000-7f694fe15000 r-xp 00000000 08:01 391328                     /lib/x86_64-linux-gnu/libnsl-2.13.so
7f694fe15000-7f6950014000 ---p 00015000 08:01 391328                     /lib/x86_64-linux-gnu/libnsl-2.13.so
7f6950014000-7f6950015000 r-xp 00014000 08:01 391328                     /lib/x86_64-linux-gnu/libnsl-2.13.so
7f6950015000-7f6950016000 rwxp 00015000 08:01 391328                     /lib/x86_64-linux-gnu/libnsl-2.13.so
7f6950016000-7f6950018000 rwxp 00000000 00:00 0 
7f6950018000-7f6950041000 r-xp 00000000 00:1b 697326                     /nfs/linux/matlab-2011b/sys/java/jre/glnxa64/jre/lib/amd64/libjava.so
7f6950041000-7f6950140000 ---p 00029000 00:1b 697326                     /nfs/linux/matlab-2011b/sys/java/jre/glnxa64/jre/lib/amd64/libjava.so
7f6950140000-7f6950147000 rwxp 00028000 00:1b 697326                     /nfs/linux/matlab-2011b/sys/java/jre/glnxa64/jre/lib/amd64/libjava.so
7f6950147000-7f6950154000 r-xp 00000000 00:1b 697344                     /nfs/linux/matlab-2011b/sys/java/jre/glnxa64/jre/lib/amd64/libverify.so
7f6950154000-7f6950253000 ---p 0000d000 00:1b 697344                     /nfs/linux/matlab-2011b/sys/java/jre/glnxa64/jre/lib/amd64/libverify.so
7f6950253000-7f6950256000 rwxp 0000c000 00:1b 697344                     /nfs/linux/matlab-2011b/sys/java/jre/glnxa64/jre/lib/amd64/libverify.so
7f6950256000-7f695025d000 r-xp 00000000 08:01 391329                     /lib/x86_64-linux-gnu/librt-2.13.so
7f695025d000-7f695045c000 ---p 00007000 08:01 391329                     /lib/x86_64-linux-gnu/librt-2.13.so
7f695045c000-7f695045d000 r-xp 00006000 08:01 391329                     /lib/x86_64-linux-gnu/librt-2.13.so
7f695045d000-7f695045e000 rwxp 00007000 08:01 391329                     /lib/x86_64-linux-gnu/librt-2.13.so
7f695045e000-7f6950461000 ---p 00000000 00:00 0 
7f6950461000-7f695055f000 rwxp 00000000 00:00 0 
7f695055f000-7f69505e0000 r-xp 00000000 08:01 391062                     /lib/x86_64-linux-gnu/libm-2.13.so
7f69505e0000-7f69507df000 ---p 00081000 08:01 391062                     /lib/x86_64-linux-gnu/libm-2.13.so
7f69507df000-7f69507e0000 r-xp 00080000 08:01 391062                     /lib/x86_64-linux-gnu/libm-2.13.so
7f69507e0000-7f69507e1000 rwxp 00081000 08:01 391062                     /lib/x86_64-linux-gnu/libm-2.13.so
7f69507e1000-7f6950f3f000 r-xp 00000000 00:1b 1205700                    /nfs/linux/matlab-2011b/sys/java/jre/glnxa64/jre/lib/amd64/server/libjvm.so
7f6950f3f000-7f695103e000 ---p 0075e000 00:1b 1205700                    /nfs/linux/matlab-2011b/sys/java/jre/glnxa64/jre/lib/amd64/server/libjvm.so
7f695103e000-7f69511b6000 rwxp 0075d000 00:1b 1205700                    /nfs/linux/matlab-2011b/sys/java/jre/glnxa64/jre/lib/amd64/server/libjvm.so
7f69511b6000-7f69511f4000 rwxp 00000000 00:00 0 
7f69511f4000-7f695136e000 r-xp 00000000 08:01 390962                     /lib/x86_64-linux-gnu/libc-2.13.so
7f695136e000-7f695156e000 ---p 0017a000 08:01 390962                     /lib/x86_64-linux-gnu/libc-2.13.so
7f695156e000-7f6951572000 r-xp 0017a000 08:01 390962                     /lib/x86_64-linux-gnu/libc-2.13.so
7f6951572000-7f6951573000 rwxp 0017e000 08:01 390962                     /lib/x86_64-linux-gnu/libc-2.13.so
7f6951573000-7f6951578000 rwxp 00000000 00:00 0 
7f6951578000-7f695157a000 r-xp 00000000 08:01 391158                     /lib/x86_64-linux-gnu/libdl-2.13.so
7f695157a000-7f695177a000 ---p 00002000 08:01 391158                     /lib/x86_64-linux-gnu/libdl-2.13.so
7f695177a000-7f695177b000 r-xp 00002000 08:01 391158                     /lib/x86_64-linux-gnu/libdl-2.13.so
7f695177b000-7f695177c000 rwxp 00003000 08:01 391158                     /lib/x86_64-linux-gnu/libdl-2.13.so
7f695177c000-7f6951793000 r-xp 00000000 08:01 391006                     /lib/x86_64-linux-gnu/libpthread-2.13.so
7f6951793000-7f6951992000 ---p 00017000 08:01 391006                     /lib/x86_64-linux-gnu/libpthread-2.13.so
7f6951992000-7f6951993000 r-xp 00016000 08:01 391006                     /lib/x86_64-linux-gnu/libpthread-2.13.so
7f6951993000-7f6951994000 rwxp 00017000 08:01 391006                     /lib/x86_64-linux-gnu/libpthread-2.13.so
7f6951994000-7f6951998000 rwxp 00000000 00:00 0 
7f6951998000-7f69519b7000 r-xp 00000000 08:01 391157                     /lib/x86_64-linux-gnu/ld-2.13.so
7f6951a15000-7f6951a20000 rwxp 00000000 00:00 0 
7f6951a20000-7f6951a3f000 rwxp 00000000 00:00 0 
7f6951a3f000-7f6951a8b000 r-xs 00000000 08:01 132582                     /var/cache/nscd/passwd
7f6951a8b000-7f6951a8e000 rwxp 00000000 00:00 0 
7f6951a8e000-7f6951a95000 r-xp 00000000 00:1b 697291                     /nfs/linux/matlab-2011b/sys/java/jre/glnxa64/jre/lib/amd64/jli/libjli.so
7f6951a95000-7f6951b96000 ---p 00007000 00:1b 697291                     /nfs/linux/matlab-2011b/sys/java/jre/glnxa64/jre/lib/amd64/jli/libjli.so
7f6951b96000-7f6951b98000 rwxp 00008000 00:1b 697291                     /nfs/linux/matlab-2011b/sys/java/jre/glnxa64/jre/lib/amd64/jli/libjli.so
7f6951b98000-7f6951b99000 rwxp 00000000 00:00 0 
7f6951bab000-7f6951bb3000 rwxs 00000000 08:01 699873                     /tmp/hsperfdata_b97037/14579
7f6951bb3000-7f6951bb4000 rwxp 00000000 00:00 0 
7f6951bb4000-7f6951bb5000 r-xp 00000000 00:00 0 
7f6951bb5000-7f6951bb7000 rwxp 00000000 00:00 0 
7f6951bb7000-7f6951bb8000 r-xp 0001f000 08:01 391157                     /lib/x86_64-linux-gnu/ld-2.13.so
7f6951bb8000-7f6951bb9000 rwxp 00020000 08:01 391157                     /lib/x86_64-linux-gnu/ld-2.13.so
7f6951bb9000-7f6951bba000 rwxp 00000000 00:00 0 
7fffa706c000-7fffa708e000 rwxp 00000000 00:00 0                          [stack]
7fffa709d000-7fffa709e000 r-xp 00000000 00:00 0                          [vdso]
ffffffffff600000-ffffffffff601000 r-xp 00000000 00:00 0                  [vsyscall]

VM Arguments:
java_command: com.mathworks.fatalexit.FatalExitFrame /home/student/97/b97037/matlab_crash_dump.14138-1 -lucky
Launcher Type: SUN_STANDARD

Environment Variables:
PATH=/sbin:/bin:/usr/sbin:/usr/bin:/usr/games:/usr/local/sbin:/usr/local/bin:/usr/X11R6/bin:/home/student/97/b97037/bin:/tmp2/b97037/bin:/opt/jdk1.6.0/bin:/home/student/97/b97037/pbrt-v2/src/bin:/tmp2/b97037/CUDA/bin
LD_LIBRARY_PATH=/nfs/linux/matlab-2011b/sys/java/jre/glnxa64/jre/lib/amd64/server:/nfs/linux/matlab-2011b/sys/java/jre/glnxa64/jre/lib/amd64:/nfs/linux/matlab-2011b/sys/java/jre/glnxa64/jre/../lib/amd64:/nfs/linux/matlab-2011b/sys/os/glnxa64:/nfs/linux/matlab-2011b/bin/glnxa64:/nfs/linux/matlab-2011b/extern/lib/glnxa64:/nfs/linux/matlab-2011b/sys/java/jre/glnxa64/jre/lib/amd64/native_threads:/nfs/linux/matlab-2011b/sys/java/jre/glnxa64/jre/lib/amd64/server:/nfs/linux/matlab-2011b/sys/java/jre/glnxa64/jre/lib/amd64:/usr/lib://home/student/97/b97037/lib:/tmp2/b97037/CUDA/lib:/tmp2/b97037/lib
SHELL=/bin/tcsh
DISPLAY=localhost:11.0
HOSTTYPE=x86_64-linux
OSTYPE=linux
ARCH=glnxa64
MACHTYPE=x86_64

Signal Handlers:
SIGSEGV: [libjvm.so+0x6bddc0], sa_mask[0]=0x7ffbfeff, sa_flags=0x10000004
SIGBUS: [libjvm.so+0x6bddc0], sa_mask[0]=0x7ffbfeff, sa_flags=0x10000004
SIGFPE: [libjvm.so+0x594f90], sa_mask[0]=0x7ffbfeff, sa_flags=0x10000004
SIGPIPE: [libjvm.so+0x594f90], sa_mask[0]=0x7ffbfeff, sa_flags=0x10000004
SIGXFSZ: [libjvm.so+0x594f90], sa_mask[0]=0x7ffbfeff, sa_flags=0x10000004
SIGILL: [libjvm.so+0x594f90], sa_mask[0]=0x7ffbfeff, sa_flags=0x10000004
SIGUSR1: SIG_DFL, sa_mask[0]=0x00000000, sa_flags=0x00000000
SIGUSR2: [libjvm.so+0x597750], sa_mask[0]=0x08080402, sa_flags=0x10000004
SIGHUP: SIG_DFL, sa_mask[0]=0x00000000, sa_flags=0x00000000
SIGINT: SIG_DFL, sa_mask[0]=0x00000000, sa_flags=0x00000000
SIGTERM: SIG_DFL, sa_mask[0]=0x00000000, sa_flags=0x00000000
SIGQUIT: SIG_DFL, sa_mask[0]=0x00000000, sa_flags=0x00000000


---------------  S Y S T E M  ---------------

OS:wheezy/sid

uname:Linux 2.6.39-2-amd64 #1 SMP Tue Jul 5 02:51:22 UTC 2011 x86_64
libc:glibc 2.13 NPTL 2.13 
rlimit: STACK 8192k, CORE 0k, NPROC 80, NOFILE 1024, AS 57123016k
load average:10.16 11.01 11.70

CPU:total 16 (16 cores per cpu, 2 threads per core) family 6 model 44 stepping 2, cmov, cx8, fxsr, mmx, sse, sse2, sse3, ssse3, sse4.1, sse4.2, ht

Memory: 4k page, physical 74378928k(50739220k free), swap 16777212k(16772924k free)

vm_info: Java HotSpot(TM) 64-Bit Server VM (14.3-b01) for linux-amd64 JRE (1.6.0_17-b04), built on Oct 11 2009 01:08:48 by "java_re" with gcc 3.2.2 (SuSE Linux)

time: Mon Dec  5 11:22:24 2011
elapsed time: 0 seconds

